Determining if the pthread_create exist failed with the following output:
Change Dir: /home/qiao/MClient/build/CMakeFiles/CMakeTmp

Run Build Command:"/usr/bin/make" "cmTC_f97e1/fast"
/usr/bin/make -f CMakeFiles/cmTC_f97e1.dir/build.make CMakeFiles/cmTC_f97e1.dir/build
make[1]: Entering directory '/home/qiao/MClient/build/CMakeFiles/CMakeTmp'
Building C object CMakeFiles/cmTC_f97e1.dir/CheckSymbolExists.c.o
/usr/bin/cc    -o CMakeFiles/cmTC_f97e1.dir/CheckSymbolExists.c.o   -c /home/qiao/MClient/build/CMakeFiles/CMakeTmp/CheckSymbolExists.c
Linking C executable cmTC_f97e1
/usr/local/bin/cmake -E cmake_link_script CMakeFiles/cmTC_f97e1.dir/link.txt --verbose=1
/usr/bin/cc        -rdynamic CMakeFiles/cmTC_f97e1.dir/CheckSymbolExists.c.o  -o cmTC_f97e1 
CMakeFiles/cmTC_f97e1.dir/CheckSymbolExists.c.o: In function `main':
CheckSymbolExists.c:(.text+0x16): undefined reference to `pthread_create'
collect2: error: ld returned 1 exit status
CMakeFiles/cmTC_f97e1.dir/build.make:86: recipe for target 'cmTC_f97e1' failed
make[1]: *** [cmTC_f97e1] Error 1
make[1]: Leaving directory '/home/qiao/MClient/build/CMakeFiles/CMakeTmp'
Makefile:126: recipe for target 'cmTC_f97e1/fast' failed
make: *** [cmTC_f97e1/fast] Error 2

File /home/qiao/MClient/build/CMakeFiles/CMakeTmp/CheckSymbolExists.c:
/* */
#include <pthread.h>

int main(int argc, char** argv)
{
  (void)argv;
#ifndef pthread_create
  return ((int*)(&pthread_create))[argc];
#else
  (void)argc;
  return 0;
#endif
}

